[27Nov2024 00:05:59.509] [Server thread/INFO] [net.minecraft.server.MinecraftServer/]: [Not Secure] <Naannoo> llava
[27Nov2024 00:07:53.827] [Server thread/INFO] [net.minecraft.server.MinecraftServer/]: [Not Secure] <Naannoo> ua
[27Nov2024 00:07:57.958] [Server thread/INFO] [net.minecraft.server.MinecraftServer/]: [Not Secure] <Cafssterr> ??
[27Nov2024 00:08:09.345] [Server thread/INFO] [net.minecraft.server.MinecraftServer/]: [Not Secure] <Cafssterr> dame el gancho
[27Nov2024 00:30:34.473] [Server thread/INFO] [net.minecraft.server.MinecraftServer/]: Naannoo fell from a high place
[27Nov2024 00:30:52.577] [Server thread/INFO] [net.minecraft.server.MinecraftServer/]: [Cafssterr: Teleported Naannoo to Cafssterr]
[27Nov2024 00:32:52.686] [Server thread/INFO] [net.minecraft.server.MinecraftServer/]: Naannoo has made the advancement [Diamonds!]
[27Nov2024 00:36:07.375] [Server thread/INFO] [net.minecraft.server.MinecraftServer/]: [Not Secure] <Cafssterr> -655 -716
[27Nov2024 00:38:45.545] [Server thread/INFO] [net.minecraft.server.MinecraftServer/]: [Cafssterr: Set own game mode to Spectator Mode]
[27Nov2024 00:39:03.767] [Server thread/INFO] [net.minecraft.server.MinecraftServer/]: [Cafssterr: Set own game mode to Creative Mode]
[27Nov2024 00:39:06.250] [Server thread/INFO] [net.minecraft.server.MinecraftServer/]: [Cafssterr: Set own game mode to Survival Mode]
[27Nov2024 00:39:58.297] [Server thread/INFO] [net.minecraft.server.MinecraftServer/]: [Cafssterr: Set own game mode to Spectator Mode]
[27Nov2024 00:40:16.108] [Server thread/INFO] [net.minecraft.server.MinecraftServer/]: [Cafssterr: Set own game mode to Creative Mode]
[27Nov2024 00:40:20.267] [Server thread/INFO] [net.minecraft.server.MinecraftServer/]: [Cafssterr: Set own game mode to Survival Mode]
[27Nov2024 00:40:36.360] [Server thread/INFO] [net.minecraft.server.MinecraftServer/]: [Cafssterr: Set own game mode to Spectator Mode]
[27Nov2024 00:40:43.515] [Server thread/INFO] [net.minecraft.server.MinecraftServer/]: [Cafssterr: Set own game mode to Creative Mode]
[27Nov2024 00:40:47.239] [Server thread/INFO] [net.minecraft.server.MinecraftServer/]: [Cafssterr: Set own game mode to Survival Mode]
[27Nov2024 00:41:03.247] [Server thread/INFO] [net.minecraft.server.MinecraftServer/]: [Cafssterr: Set own game mode to Spectator Mode]
[27Nov2024 00:41:43.517] [Server thread/INFO] [net.minecraft.server.MinecraftServer/]: [Cafssterr: Set own game mode to Creative Mode]
[27Nov2024 00:41:47.179] [Server thread/INFO] [net.minecraft.server.MinecraftServer/]: [Cafssterr: Set own game mode to Survival Mode]
[27Nov2024 00:42:48.910] [Server thread/INFO] [net.minecraft.server.MinecraftServer/]: Naannoo has made the advancement [Sneak 100]
[27Nov2024 00:48:20.115] [Server thread/INFO] [net.minecraft.server.MinecraftServer/]: Cafssterr has made the advancement [Sneak 100]
[27Nov2024 00:50:44.998] [Server thread/INFO] [net.minecraft.server.MinecraftServer/]: Cafssterr has made the advancement [Cover Me with Diamonds]
[27Nov2024 01:04:49.523] [Server thread/INFO] [net.minecraft.server.MinecraftServer/]: [Not Secure] <Naannoo> tp
[27Nov2024 01:05:02.658] [Server thread/INFO] [net.minecraft.server.MinecraftServer/]: [Not Secure] <Naannoo> yo ati
[27Nov2024 01:05:23.599] [Server thread/INFO] [net.minecraft.server.MinecraftServer/]: [Cafssterr: Teleported Naannoo to Cafssterr]
[27Nov2024 01:07:43.415] [Server thread/INFO] [net.minecraft.server.MinecraftServer/]: [Cafssterr: Set own game mode to Spectator Mode]
[27Nov2024 01:07:56.787] [Server thread/INFO] [net.minecraft.server.MinecraftServer/]: [Cafssterr: Set own game mode to Survival Mode]
[27Nov2024 01:09:38.376] [Server thread/INFO] [net.minecraft.server.MinecraftServer/]: [Not Secure] <Cafssterr> -383 -695
[27Nov2024 01:24:21.038] [Server thread/INFO] [net.minecraft.server.MinecraftServer/]: Naannoo has made the advancement [What a Deal!]
[27Nov2024 01:40:49.647] [Server thread/INFO] [net.minecraft.server.network.ServerGamePacketListenerImpl/]: Cafssterr lost connection: Disconnected
[27Nov2024 01:40:49.649] [Server thread/INFO] [net.minecraft.server.MinecraftServer/]: Cafssterr left the game
[27Nov2024 01:40:49.649] [Server thread/INFO] [voicechat/]: [voicechat] Disconnecting client Cafssterr
[27Nov2024 01:41:00.660] [Server thread/INFO] [net.minecraft.server.players.PlayerList/]: Cafssterr[/100.88.206.105:58266] logged in with entity id 31955 at (-381.1513909022558, 71.0, -702.9786109083233)
[27Nov2024 01:41:00.698] [Server thread/INFO] [net.minecraft.server.MinecraftServer/]: Cafssterr joined the game
[27Nov2024 01:41:00.988] [Server thread/INFO] [voicechat/]: [voicechat] Received secret request of Cafssterr (18)
[27Nov2024 01:41:00.994] [Server thread/INFO] [voicechat/]: [voicechat] Sent secret to Cafssterr
[27Nov2024 01:41:02.188] [VoiceChatPacketProcessingThread/INFO] [voicechat/]: [voicechat] Successfully authenticated player 74ccd22b-956b-3a5f-9d14-af8760707151
[27Nov2024 01:41:03.190] [VoiceChatPacketProcessingThread/INFO] [voicechat/]: [voicechat] Successfully validated connection of player 74ccd22b-956b-3a5f-9d14-af8760707151
[27Nov2024 01:41:03.193] [VoiceChatPacketProcessingThread/INFO] [voicechat/]: [voicechat] Player Cafssterr (74ccd22b-956b-3a5f-9d14-af8760707151) successfully connected to voice chat
[27Nov2024 01:44:58.818] [Server thread/INFO] [net.minecraft.server.MinecraftServer/]: [Not Secure] <Cafssterr> entra en el grupo
[27Nov2024 02:00:45.435] [Server thread/INFO] [net.minecraft.server.MinecraftServer/]: Naannoo has made the advancement [The Parrots and the Bats]
[27Nov2024 02:01:33.437] [Server thread/INFO] [net.minecraft.server.network.ServerGamePacketListenerImpl/]: Naannoo lost connection: Disconnected
[27Nov2024 02:01:33.438] [Server thread/INFO] [net.minecraft.server.MinecraftServer/]: Naannoo left the game
[27Nov2024 02:01:33.439] [Server thread/INFO] [voicechat/]: [voicechat] Disconnecting client Naannoo
[27Nov2024 02:01:44.985] [Server thread/INFO] [net.minecraft.server.network.ServerGamePacketListenerImpl/]: Cafssterr lost connection: Disconnected
[27Nov2024 02:01:44.986] [Server thread/INFO] [net.minecraft.server.MinecraftServer/]: Cafssterr left the game
[27Nov2024 02:01:44.986] [Server thread/INFO] [voicechat/]: [voicechat] Disconnecting client Cafssterr
[27Nov2024 02:23:30.684] [Server thread/INFO] [net.minecraft.server.MinecraftServer/]: Stopping the server
[27Nov2024 02:23:30.730] [Server thread/INFO] [net.minecraft.server.MinecraftServer/]: Stopping server
[27Nov2024 02:23:30.731] [Server thread/INFO] [net.minecraft.server.MinecraftServer/]: Saving players
[27Nov2024 02:23:30.732] [Server thread/INFO] [net.minecraft.server.MinecraftServer/]: Saving worlds
[27Nov2024 02:23:31.139] [Server thread/INFO] [net.minecraft.server.MinecraftServer/]: Saving chunks for level 'ServerLevel[world]'/minecraft:overworld
[27Nov2024 02:23:31.210] [Server thread/INFO] [net.minecraft.server.MinecraftServer/]: Saving chunks for level 'ServerLevel[world]'/minecraft:the_nether
[27Nov2024 02:23:31.212] [Server thread/INFO] [net.minecraft.server.MinecraftServer/]: Saving chunks for level 'ServerLevel[world]'/minecraft:the_end
[27Nov2024 02:23:31.226] [Server thread/INFO] [net.minecraft.server.MinecraftServer/]: ThreadedAnvilChunkStorage (world): All chunks are saved
[27Nov2024 02:23:31.226] [Server thread/INFO] [net.minecraft.server.MinecraftServer/]: ThreadedAnvilChunkStorage (DIM-1): All chunks are saved
[27Nov2024 02:23:31.226] [Server thread/INFO] [net.minecraft.server.MinecraftServer/]: ThreadedAnvilChunkStorage (DIM1): All chunks are saved
[27Nov2024 02:23:31.226] [Server thread/INFO] [net.minecraft.server.MinecraftServer/]: ThreadedAnvilChunkStorage: All dimensions are saved
